\BOOKMARK [1][-]{section.1}{\376\377\000I\000n\000t\000r\000o\000d\000u\000c\000t\000i\000o\000n}{}% 1
\BOOKMARK [2][-]{subsection.1.1}{\376\377\000W\000h\000a\000t\000\040\000i\000s\000\040\000S\000e\000l\000f\000-\000D\000a\000t\000a\000?}{section.1}% 2
\BOOKMARK [2][-]{subsection.1.2}{\376\377\000D\000e\000s\000i\000g\000n\000\040\000P\000h\000i\000l\000o\000s\000o\000p\000h\000y}{section.1}% 3
\BOOKMARK [2][-]{subsection.1.3}{\376\377\000S\000c\000o\000p\000e\000\040\000o\000f\000\040\000T\000h\000i\000s\000\040\000D\000o\000c\000u\000m\000e\000n\000t}{section.1}% 4
\BOOKMARK [2][-]{subsection.1.4}{\376\377\000R\000e\000l\000a\000t\000i\000o\000n\000s\000h\000i\000p\000\040\000t\000o\000\040\000E\000x\000i\000s\000t\000i\000n\000g\000\040\000C\000o\000d\000e}{section.1}% 5
\BOOKMARK [1][-]{section.2}{\376\377\000S\000e\000l\000f\000-\000D\000a\000t\000a\000\040\000F\000l\000o\000w\000s}{}% 6
\BOOKMARK [2][-]{subsection.2.1}{\376\377\000I\000d\000e\000n\000t\000i\000t\000y\000:\000\040\000T\000h\000e\000\040\000U\000U\000I\000D}{section.2}% 7
\BOOKMARK [2][-]{subsection.2.2}{\376\377\000F\000l\000o\000w\000\040\000T\000y\000p\000e\000s}{section.2}% 8
\BOOKMARK [3][-]{subsubsection.2.2.1}{\376\377\000T\000y\000p\000e\000\040\000I\000d\000e\000n\000t\000i\000t\000y\000\040\000v\000i\000a\000\040\000C\000o\000n\000t\000e\000n\000t\000\040\000H\000a\000s\000h}{subsection.2.2}% 9
\BOOKMARK [3][-]{subsubsection.2.2.2}{\376\377\000T\000y\000p\000e\000\040\000S\000c\000o\000p\000e}{subsection.2.2}% 10
\BOOKMARK [2][-]{subsection.2.3}{\376\377\000F\000l\000o\000w\000\040\000C\000o\000n\000f\000i\000g\000u\000r\000a\000t\000i\000o\000n}{section.2}% 11
\BOOKMARK [2][-]{subsection.2.4}{\376\377\000B\000o\000o\000t\000s\000t\000r\000a\000p\000\040\000S\000e\000q\000u\000e\000n\000c\000e}{section.2}% 12
\BOOKMARK [1][-]{section.3}{\376\377\000S\000t\000r\000e\000a\000m\000s}{}% 13
\BOOKMARK [2][-]{subsection.3.1}{\376\377\000W\000h\000a\000t\000\040\000a\000\040\000S\000t\000r\000e\000a\000m\000\040\000I\000s}{section.3}% 14
\BOOKMARK [2][-]{subsection.3.2}{\376\377\000D\000r\000i\000p\000s\000:\000\040\000C\000o\000n\000v\000e\000r\000g\000e\000n\000t\000\040\000S\000t\000r\000e\000a\000m\000s}{section.3}% 15
\BOOKMARK [2][-]{subsection.3.3}{\376\377\000J\000e\000t\000s\000:\000\040\000F\000a\000s\000t\000\040\000S\000t\000r\000e\000a\000m\000s}{section.3}% 16
\BOOKMARK [2][-]{subsection.3.4}{\376\377\000S\000t\000r\000e\000a\000m\000\040\000L\000i\000f\000e\000c\000y\000c\000l\000e}{section.3}% 17
\BOOKMARK [1][-]{section.4}{\376\377\000D\000a\000t\000a\000\040\000G\000e\000o\000m\000e\000t\000r\000y}{}% 18
\BOOKMARK [2][-]{subsection.4.1}{\376\377\000Q\000u\000e\000r\000y\000\040\000C\000o\000o\000r\000d\000i\000n\000a\000t\000e\000s}{section.4}% 19
\BOOKMARK [3][-]{subsubsection.4.1.1}{\376\377\000P\000r\000o\000p\000e\000r\000t\000i\000e\000s\000\040\000o\000f\000\040\000Q\000u\000e\000r\000y\000\040\000C\000o\000o\000r\000d\000i\000n\000a\000t\000e\000s}{subsection.4.1}% 20
\BOOKMARK [2][-]{subsection.4.2}{\376\377\000D\000a\000t\000a\000\040\000C\000o\000o\000r\000d\000i\000n\000a\000t\000e\000s}{section.4}% 21
\BOOKMARK [3][-]{subsubsection.4.2.1}{\376\377\000P\000r\000o\000p\000e\000r\000t\000i\000e\000s\000\040\000o\000f\000\040\000D\000a\000t\000a\000\040\000C\000o\000o\000r\000d\000i\000n\000a\000t\000e\000s}{subsection.4.2}% 22
\BOOKMARK [2][-]{subsection.4.3}{\376\377\000T\000r\000a\000n\000s\000f\000o\000r\000m\000s}{section.4}% 23
\BOOKMARK [2][-]{subsection.4.4}{\376\377\000S\000p\000a\000r\000s\000i\000t\000y\000\040\000a\000n\000d\000\040\000D\000e\000n\000s\000i\000t\000y}{section.4}% 24
\BOOKMARK [1][-]{section.5}{\376\377\000F\000l\000o\000w\000\040\000R\000o\000l\000e\000s}{}% 25
\BOOKMARK [2][-]{subsection.5.1}{\376\377\000W\000h\000a\000t\000\040\000a\000\040\000F\000l\000o\000w\000\040\000R\000o\000l\000e\000\040\000I\000s}{section.5}% 26
\BOOKMARK [2][-]{subsection.5.2}{\376\377\000C\000o\000m\000m\000o\000n\000\040\000F\000l\000o\000w\000\040\000R\000o\000l\000e\000\040\000T\000y\000p\000e\000s}{section.5}% 27
\BOOKMARK [3][-]{subsubsection.5.2.1}{\376\377\000D\000a\000t\000a\000\040\000S\000o\000u\000r\000c\000e}{subsection.5.2}% 28
\BOOKMARK [3][-]{subsubsection.5.2.2}{\376\377\000D\000a\000t\000a\000\040\000S\000i\000n\000k}{subsection.5.2}% 29
\BOOKMARK [3][-]{subsubsection.5.2.3}{\376\377\000M\000e\000m\000o\000r\000i\000z\000a\000t\000i\000o\000n}{subsection.5.2}% 30
\BOOKMARK [3][-]{subsubsection.5.2.4}{\376\377\000C\000u\000r\000a\000t\000o\000r}{subsection.5.2}% 31
\BOOKMARK [3][-]{subsubsection.5.2.5}{\376\377\000A\000l\000i\000g\000n\000e\000r}{subsection.5.2}% 32
\BOOKMARK [2][-]{subsection.5.3}{\376\377\000F\000i\000t\000t\000i\000n\000g\000s}{section.5}% 33
\BOOKMARK [1][-]{section.6}{\376\377\000P\000o\000l\000i\000c\000i\000e\000s}{}% 34
\BOOKMARK [2][-]{subsection.6.1}{\376\377\000E\000r\000r\000o\000r\000\040\000P\000o\000l\000i\000c\000i\000e\000s}{section.6}% 35
\BOOKMARK [2][-]{subsection.6.2}{\376\377\000D\000e\000l\000e\000g\000a\000t\000i\000o\000n\000\040\000P\000o\000l\000i\000c\000i\000e\000s}{section.6}% 36
\BOOKMARK [2][-]{subsection.6.3}{\376\377\000D\000i\000s\000c\000o\000v\000e\000r\000y\000\040\000P\000o\000l\000i\000c\000i\000e\000s}{section.6}% 37
\BOOKMARK [2][-]{subsection.6.4}{\376\377\000M\000e\000m\000o\000r\000i\000z\000a\000t\000i\000o\000n\000\040\000P\000o\000l\000i\000c\000i\000e\000s}{section.6}% 38
\BOOKMARK [2][-]{subsection.6.5}{\376\377\000R\000e\000t\000i\000r\000e\000m\000e\000n\000t\000\040\000a\000n\000d\000\040\000R\000e\000f\000r\000e\000s\000h}{section.6}% 39
\BOOKMARK [1][-]{section.7}{\376\377\000D\000a\000t\000a\000\040\000T\000y\000p\000e\000\040\000E\000x\000a\000m\000p\000l\000e\000s}{}% 40
\BOOKMARK [2][-]{subsection.7.1}{\376\377\000I\000m\000a\000g\000e\000s}{section.7}% 41
\BOOKMARK [3][-]{subsubsection.7.1.1}{\376\377\000D\000a\000t\000a\000\040\000G\000e\000o\000m\000e\000t\000r\000y\000\040\000\050\000B\000a\000s\000e\000\040\000I\000m\000a\000g\000e\000\051}{subsection.7.1}% 42
\BOOKMARK [3][-]{subsubsection.7.1.2}{\376\377\000T\000h\000r\000e\000e\000-\000T\000i\000e\000r\000\040\000D\000e\000c\000o\000m\000p\000o\000s\000i\000t\000i\000o\000n}{subsection.7.1}% 43
\BOOKMARK [3][-]{subsubsection.7.1.3}{\376\377\000I\000m\000a\000g\000e\000\040\000F\000l\000o\000w\000\040\000S\000t\000r\000e\000a\000m\000s}{subsection.7.1}% 44
\BOOKMARK [3][-]{subsubsection.7.1.4}{\376\377\000I\000m\000a\000g\000e\000\040\000C\000o\000m\000p\000o\000s\000i\000t\000e\000\040\000F\000l\000o\000w\000\040\000S\000t\000r\000e\000a\000m\000s}{subsection.7.1}% 45
\BOOKMARK [3][-]{subsubsection.7.1.5}{\376\377\000K\000e\000y\000\040\000P\000o\000l\000i\000c\000i\000e\000s}{subsection.7.1}% 46
\BOOKMARK [2][-]{subsection.7.2}{\376\377\000V\000i\000d\000e\000o}{section.7}% 47
\BOOKMARK [3][-]{subsubsection.7.2.1}{\376\377\000D\000a\000t\000a\000\040\000G\000e\000o\000m\000e\000t\000r\000y}{subsection.7.2}% 48
\BOOKMARK [3][-]{subsubsection.7.2.2}{\376\377\000S\000t\000r\000e\000a\000m\000s}{subsection.7.2}% 49
\BOOKMARK [3][-]{subsubsection.7.2.3}{\376\377\000R\000e\000l\000a\000t\000i\000o\000n\000s\000h\000i\000p\000\040\000t\000o\000\040\000C\000a\000l\000l\000s\000\040\000a\000n\000d\000\040\000R\000e\000c\000o\000r\000d\000i\000n\000g\000s}{subsection.7.2}% 50
\BOOKMARK [2][-]{subsection.7.3}{\376\377\000S\000o\000u\000n\000d}{section.7}% 51
\BOOKMARK [3][-]{subsubsection.7.3.1}{\376\377\000D\000a\000t\000a\000\040\000G\000e\000o\000m\000e\000t\000r\000y}{subsection.7.3}% 52
\BOOKMARK [3][-]{subsubsection.7.3.2}{\376\377\000S\000t\000r\000e\000a\000m\000s}{subsection.7.3}% 53
\BOOKMARK [3][-]{subsubsection.7.3.3}{\376\377\000L\000a\000t\000e\000n\000c\000y\000\040\000a\000n\000d\000\040\000D\000e\000c\000o\000m\000p\000r\000e\000s\000s\000i\000o\000n}{subsection.7.3}% 54
\BOOKMARK [2][-]{subsection.7.4}{\376\377\000S\000p\000a\000t\000i\000a\000l\000\040\000M\000e\000a\000s\000u\000r\000e\000m\000e\000n\000t\000s}{section.7}% 55
\BOOKMARK [3][-]{subsubsection.7.4.1}{\376\377\000D\000a\000t\000a\000\040\000G\000e\000o\000m\000e\000t\000r\000y}{subsection.7.4}% 56
\BOOKMARK [3][-]{subsubsection.7.4.2}{\376\377\000W\000h\000y\000\040\000P\000r\000e\000c\000i\000s\000i\000o\000n\000\040\000M\000a\000t\000r\000i\000c\000e\000s}{subsection.7.4}% 57
\BOOKMARK [3][-]{subsubsection.7.4.3}{\376\377\000C\000o\000o\000r\000d\000i\000n\000a\000t\000e\000\040\000S\000y\000s\000t\000e\000m\000s}{subsection.7.4}% 58
\BOOKMARK [3][-]{subsubsection.7.4.4}{\376\377\000S\000t\000r\000e\000a\000m\000s}{subsection.7.4}% 59
\BOOKMARK [3][-]{subsubsection.7.4.5}{\376\377\000F\000l\000o\000w\000\040\000R\000o\000l\000e\000s}{subsection.7.4}% 60
\BOOKMARK [3][-]{subsubsection.7.4.6}{\376\377\000F\000l\000o\000w\000\040\000B\000o\000u\000n\000d\000a\000r\000i\000e\000s}{subsection.7.4}% 61
\BOOKMARK [3][-]{subsubsection.7.4.7}{\376\377\000R\000e\000l\000a\000t\000i\000o\000n\000s\000h\000i\000p\000\040\000t\000o\000\040\000N\000e\000s\000t\000b\000o\000x\000\040\000T\000w\000i\000g\000s}{subsection.7.4}% 62
\BOOKMARK [2][-]{subsection.7.5}{\376\377\000P\000h\000o\000t\000o\000\040\000A\000l\000b\000u\000m\000s}{section.7}% 63
\BOOKMARK [3][-]{subsubsection.7.5.1}{\376\377\000S\000t\000r\000e\000a\000m\000s}{subsection.7.5}% 64
\BOOKMARK [3][-]{subsubsection.7.5.2}{\376\377\000F\000l\000o\000w\000\040\000R\000o\000l\000e\000s}{subsection.7.5}% 65
\BOOKMARK [2][-]{subsection.7.6}{\376\377\000B\000i\000n\000a\000r\000y\000\040\000D\000a\000t\000a}{section.7}% 66
\BOOKMARK [3][-]{subsubsection.7.6.1}{\376\377\000D\000a\000t\000a\000\040\000G\000e\000o\000m\000e\000t\000r\000y}{subsection.7.6}% 67
\BOOKMARK [3][-]{subsubsection.7.6.2}{\376\377\000S\000t\000r\000e\000a\000m\000s}{subsection.7.6}% 68
\BOOKMARK [2][-]{subsection.7.7}{\376\377\000S\000t\000r\000u\000c\000t\000u\000r\000e\000d\000\040\000R\000e\000c\000o\000r\000d\000s\000:\000\040\000I\000n\000v\000e\000n\000t\000o\000r\000y}{section.7}% 69
\BOOKMARK [3][-]{subsubsection.7.7.1}{\376\377\000D\000a\000t\000a\000\040\000G\000e\000o\000m\000e\000t\000r\000y}{subsection.7.7}% 70
\BOOKMARK [3][-]{subsubsection.7.7.2}{\376\377\000C\000u\000r\000r\000e\000n\000t\000\040\000I\000m\000p\000l\000e\000m\000e\000n\000t\000a\000t\000i\000o\000n\000\040\000a\000n\000d\000\040\000M\000i\000g\000r\000a\000t\000i\000o\000n\000\040\000P\000a\000t\000h}{subsection.7.7}% 71
\BOOKMARK [2][-]{subsection.7.8}{\376\377\000T\000a\000s\000k\000\040\000G\000r\000a\000p\000h\000s\000:\000\040\000G\000i\000a\000n\000t\000t}{section.7}% 72
\BOOKMARK [3][-]{subsubsection.7.8.1}{\376\377\000D\000a\000t\000a\000\040\000G\000e\000o\000m\000e\000t\000r\000y}{subsection.7.8}% 73
\BOOKMARK [3][-]{subsubsection.7.8.2}{\376\377\000S\000t\000r\000e\000a\000m\000s}{subsection.7.8}% 74
\BOOKMARK [3][-]{subsubsection.7.8.3}{\376\377\000C\000u\000r\000r\000e\000n\000t\000\040\000I\000m\000p\000l\000e\000m\000e\000n\000t\000a\000t\000i\000o\000n}{subsection.7.8}% 75
\BOOKMARK [2][-]{subsection.7.9}{\376\377\000T\000e\000x\000t}{section.7}% 76
\BOOKMARK [3][-]{subsubsection.7.9.1}{\376\377\000D\000a\000t\000a\000\040\000G\000e\000o\000m\000e\000t\000r\000y}{subsection.7.9}% 77
\BOOKMARK [3][-]{subsubsection.7.9.2}{\376\377\000S\000t\000a\000r\000t\000i\000n\000g\000\040\000B\000i\000g\000:\000\040\000F\000i\000l\000e\000\040\000T\000r\000e\000e\000s}{subsection.7.9}% 78
\BOOKMARK [3][-]{subsubsection.7.9.3}{\376\377\000S\000t\000r\000e\000a\000m\000s}{subsection.7.9}% 79
\BOOKMARK [2][-]{subsection.7.10}{\376\377\000V\000e\000c\000t\000o\000r\000\040\000I\000m\000a\000g\000e\000s}{section.7}% 80
\BOOKMARK [3][-]{subsubsection.7.10.1}{\376\377\000O\000p\000e\000n\000\040\000Q\000u\000e\000s\000t\000i\000o\000n}{subsection.7.10}% 81
\BOOKMARK [1][-]{section.8}{\376\377\000T\000h\000e\000\040\000I\000m\000p\000l\000e\000m\000e\000n\000t\000e\000r\000'\000s\000\040\000P\000e\000r\000s\000p\000e\000c\000t\000i\000v\000e}{}% 82
\BOOKMARK [2][-]{subsection.8.1}{\376\377\000D\000e\000f\000i\000n\000i\000n\000g\000\040\000a\000\040\000N\000e\000w\000\040\000F\000l\000o\000w\000\040\000T\000y\000p\000e}{section.8}% 83
\BOOKMARK [2][-]{subsection.8.2}{\376\377\000C\000r\000o\000s\000s\000-\000L\000a\000n\000g\000u\000a\000g\000e\000\040\000I\000m\000p\000l\000e\000m\000e\000n\000t\000a\000t\000i\000o\000n}{section.8}% 84
\BOOKMARK [2][-]{subsection.8.3}{\376\377\000E\000x\000t\000e\000n\000d\000i\000n\000g\000\040\000v\000s\000.\000\040\000R\000e\000p\000l\000a\000c\000i\000n\000g}{section.8}% 85
\BOOKMARK [2][-]{subsection.8.4}{\376\377\000W\000h\000a\000t\000\040\000S\000h\000i\000p\000s\000\040\000w\000i\000t\000h\000\040\000S\000o\000r\000a\000d\000y\000n\000e}{section.8}% 86
\BOOKMARK [1][-]{section.9}{\376\377\000S\000e\000c\000u\000r\000i\000t\000y\000\040\000a\000n\000d\000\040\000M\000e\000m\000o\000r\000i\000z\000a\000t\000i\000o\000n}{}% 87
\BOOKMARK [2][-]{subsection.9.1}{\376\377\000D\000a\000t\000a\000\040\000a\000t\000\040\000R\000e\000s\000t}{section.9}% 88
\BOOKMARK [2][-]{subsection.9.2}{\376\377\000D\000a\000t\000a\000\040\000D\000i\000s\000s\000o\000l\000u\000t\000i\000o\000n\000\040\000a\000n\000d\000\040\000C\000r\000y\000s\000t\000a\000l\000l\000i\000z\000a\000t\000i\000o\000n}{section.9}% 89
\BOOKMARK [2][-]{subsection.9.3}{\376\377\000R\000o\000b\000u\000s\000t\000n\000e\000s\000s\000\040\000t\000o\000\040\000L\000o\000s\000s}{section.9}% 90
\BOOKMARK [2][-]{subsection.9.4}{\376\377\000L\000e\000a\000k\000a\000g\000e\000\040\000P\000o\000l\000i\000c\000i\000e\000s}{section.9}% 91
\BOOKMARK [2][-]{subsection.9.5}{\376\377\000A\000u\000t\000h\000e\000n\000t\000i\000c\000a\000t\000i\000o\000n\000\040\000a\000n\000d\000\040\000A\000u\000t\000h\000o\000r\000i\000z\000a\000t\000i\000o\000n}{section.9}% 92
\BOOKMARK [1][-]{section.10}{\376\377\000F\000l\000o\000w\000\040\000B\000o\000u\000n\000d\000a\000r\000i\000e\000s}{}% 93
\BOOKMARK [2][-]{subsection.10.1}{\376\377\000G\000u\000i\000d\000e\000l\000i\000n\000e\000s}{section.10}% 94
\BOOKMARK [2][-]{subsection.10.2}{\376\377\000F\000l\000o\000w\000\040\000M\000e\000s\000h}{section.10}% 95
\BOOKMARK [1][-]{section.11}{\376\377\000D\000e\000v\000i\000c\000e\000\040\000T\000o\000p\000o\000l\000o\000g\000y\000:\000\040\000C\000a\000p\000s\000u\000l\000e\000s\000,\000\040\000E\000n\000s\000e\000m\000b\000l\000e\000s\000,\000\040\000a\000n\000d\000\040\000P\000i\000e\000c\000e\000s}{}% 96
\BOOKMARK [2][-]{subsection.11.1}{\376\377\000C\000r\000y\000p\000t\000o\000g\000r\000a\000p\000h\000i\000c\000\040\000I\000d\000e\000n\000t\000i\000t\000y\000\040\000a\000s\000\040\000F\000o\000u\000n\000d\000a\000t\000i\000o\000n}{section.11}% 97
\BOOKMARK [2][-]{subsection.11.2}{\376\377\000P\000i\000e\000c\000e\000s}{section.11}% 98
\BOOKMARK [2][-]{subsection.11.3}{\376\377\000C\000a\000p\000s\000u\000l\000e\000s}{section.11}% 99
\BOOKMARK [3][-]{subsubsection.11.3.1}{\376\377\000C\000a\000p\000s\000u\000l\000e\000s\000\040\000a\000s\000\040\000P\000r\000e\000-\000F\000l\000o\000w\000\040\000I\000n\000f\000r\000a\000s\000t\000r\000u\000c\000t\000u\000r\000e}{subsection.11.3}% 100
\BOOKMARK [2][-]{subsection.11.4}{\376\377\000E\000n\000s\000e\000m\000b\000l\000e\000s}{section.11}% 101
\BOOKMARK [2][-]{subsection.11.5}{\376\377\000P\000a\000r\000u\000r\000e\000s}{section.11}% 102
\BOOKMARK [2][-]{subsection.11.6}{\376\377\000A\000c\000c\000e\000s\000s\000o\000r\000i\000e\000s}{section.11}% 103
\BOOKMARK [2][-]{subsection.11.7}{\376\377\000T\000r\000a\000n\000s\000p\000o\000r\000t\000\040\000P\000h\000i\000l\000o\000s\000o\000p\000h\000y}{section.11}% 104
\BOOKMARK [2][-]{subsection.11.8}{\376\377\000R\000o\000u\000t\000i\000n\000g\000\040\000a\000s\000\040\000T\000r\000a\000n\000s\000p\000o\000r\000t\000\040\000F\000a\000b\000r\000i\000c}{section.11}% 105
\BOOKMARK [3][-]{subsubsection.11.8.1}{\376\377\000L\000o\000g\000i\000c\000a\000l\000\040\000A\000d\000d\000r\000e\000s\000s\000i\000n\000g\000\040\000a\000n\000d\000\040\000M\000e\000s\000s\000a\000g\000e\000\040\000E\000n\000v\000e\000l\000o\000p\000e\000s}{subsection.11.8}% 106
\BOOKMARK [3][-]{subsubsection.11.8.2}{\376\377\000R\000e\000a\000c\000h\000a\000b\000i\000l\000i\000t\000y\000\040\000v\000s\000.\000\040\000D\000i\000r\000e\000c\000t\000\040\000C\000o\000n\000n\000e\000c\000t\000i\000o\000n}{subsection.11.8}% 107
\BOOKMARK [1][-]{section.12}{\376\377\000T\000e\000r\000m\000i\000n\000o\000l\000o\000g\000y\000\040\000R\000e\000f\000e\000r\000e\000n\000c\000e}{}% 108
\BOOKMARK [1][-]{section.13}{\376\377\000A\000p\000p\000e\000n\000d\000i\000x\000:\000\040\000C\000o\000m\000p\000a\000r\000i\000s\000o\000n\000\040\000w\000i\000t\000h\000\040\000N\000e\000s\000t\000b\000o\000x\000\040\000T\000w\000i\000g\000s}{}% 109
\BOOKMARK [1][-]{section.14}{\376\377\000A\000p\000p\000e\000n\000d\000i\000x\000:\000\040\000S\000t\000a\000t\000u\000s\000\040\000o\000f\000\040\000C\000u\000r\000r\000e\000n\000t\000\040\000I\000m\000p\000l\000e\000m\000e\000n\000t\000a\000t\000i\000o\000n}{}% 110
